2011-12-08 10:30:29,735 - INFO - user about to be created
2011-12-08 11:15:15,839 - INFO - 
2011-12-08 11:15:17,861 - INFO - 
2011-12-08 11:15:35,801 - INFO - 
2011-12-08 11:16:13,530 - INFO - test7
2011-12-08 11:19:25,881 - INFO - personal_world
2011-12-08 11:19:25,882 - INFO - u_test7
2011-12-08 11:20:13,869 - INFO - personal_world
2011-12-08 11:20:13,869 - INFO - u_test7
2011-12-08 11:21:03,739 - INFO - personal_world
2011-12-08 11:21:03,740 - INFO - u_test7
2011-12-08 11:31:00,177 - INFO - created a new personal world edit
2011-12-08 11:31:48,104 - INFO - created a new personal world edit
2011-12-08 11:31:50,096 - INFO - created a new personal world edit
2011-12-08 11:37:08,824 - INFO - created a new personal world edit:
2011-12-08 11:37:08,824 - INFO - test7 on u_test7
2011-12-08 11:40:24,511 - INFO - created a new personal world edit:
2011-12-08 11:40:24,511 - INFO - test7 on u_test7
2011-12-08 11:54:11,938 - INFO - created a new personal world edit:
2011-12-08 11:54:11,938 - INFO - test7 on u_test7
2011-12-08 12:02:18,809 - INFO - created a new personal world edit:
2011-12-08 12:02:18,809 - INFO - test7 on u_test7
2011-12-08 12:02:20,803 - INFO - created a new personal world edit:
2011-12-08 12:02:20,803 - INFO - test7 on u_test7
2011-12-08 12:05:28,493 - INFO - created a new personal world edit:
2011-12-08 12:05:28,493 - INFO - test7 on u_test7
2011-12-08 12:05:36,473 - INFO - created a new personal world edit:
2011-12-08 12:05:36,473 - INFO - test7 on u_test7
2011-12-08 12:05:38,470 - INFO - created a new personal world edit:
2011-12-08 12:05:38,470 - INFO - test7 on u_test7
2011-12-08 12:12:21,787 - INFO - created a new personal world edit:
2011-12-08 12:12:21,787 - INFO - test7 on u_test7
2011-12-08 12:12:23,733 - INFO - created a new personal world edit:
2011-12-08 12:12:23,734 - INFO - test7 on u_test7
2011-12-08 12:12:25,749 - INFO - created a new personal world edit:
2011-12-08 12:12:25,750 - INFO - test7 on u_test7
2011-12-08 12:12:35,715 - INFO - created a new personal world edit:
2011-12-08 12:12:35,715 - INFO - test7 on u_test7
2011-12-08 12:13:33,788 - INFO - created a new personal world edit:
2011-12-08 12:13:33,788 - INFO - test7 on u_test7
2011-12-08 12:13:35,785 - INFO - created a new personal world edit:
2011-12-08 12:13:35,786 - INFO - test7 on u_test7
2011-12-08 12:13:47,770 - INFO - created a new personal world edit:
2011-12-08 12:13:47,770 - INFO - test7 on u_test7
2011-12-08 12:13:49,782 - INFO - created a new personal world edit:
2011-12-08 12:13:49,782 - INFO - test7 on u_test7
